2017-03-17 12:00:30,893 WARN  [org.jboss.as.txn] (ServerService Thread Pool -- 54) WFLYTX0013: Node identifier property is set to the default value. Please make sure it is unique.
2017-03-17 12:00:30,908 INFO  [org.jboss.as.clustering.infinispan] (ServerService Thread Pool -- 38) WFLYCLINF0001: Activating Infinispan subsystem.
2017-03-17 12:00:30,908 INFO  [org.wildfly.extension.io] (ServerService Thread Pool -- 37) WFLYIO001: Worker 'default' has auto-configured to 8 core threads with 64 task threads based on your 4 available processors
2017-03-17 12:00:30,924 INFO  [org.jboss.as.webservices] (ServerService Thread Pool -- 56) WFLYWS0002: Activating WebServices Extension
2017-03-17 12:00:30,924 INFO  [org.jboss.as.naming] (ServerService Thread Pool -- 46) WFLYNAM0001: Activating Naming Subsystem
2017-03-17 12:00:30,924 INFO  [org.jboss.as.security] (ServerService Thread Pool -- 53) WFLYSEC0002: Activating Security Subsystem
2017-03-17 12:00:31,002 INFO  [org.jboss.as.connector] (MSC service thread 1-6) WFLYJCA0009: Starting JCA Subsystem (WildFly/IronJacamar 1.3.4.Final)
2017-03-17 12:00:31,017 INFO  [org.wildfly.extension.undertow] (MSC service thread 1-2) WFLYUT0003: Undertow 1.4.0.Final starting
2017-03-17 12:00:31,017 INFO  [org.jboss.as.security] (MSC service thread 1-8) WFLYSEC0001: Current PicketBox version=4.9.6.Final
2017-03-17 12:00:31,017 INFO  [org.jboss.as.jsf] (ServerService Thread Pool -- 44) WFLYJSF0007: Activated the following JSF Implementations: [main]
2017-03-17 12:00:31,064 INFO  [org.jboss.as.naming] (MSC service thread 1-6) WFLYNAM0003: Starting Naming Service
2017-03-17 12:00:31,205 INFO  [org.jboss.as.mail.extension] (MSC service thread 1-5) WFLYMAIL0001: Bound mail session [java:jboss/mail/Default]
2017-03-17 12:00:31,220 INFO  [org.jboss.as.connector.subsystems.datasources] (ServerService Thread Pool -- 33) WFLYJCA0004: Deploying JDBC-compliant driver class org.h2.Driver (version 1.3)
2017-03-17 12:00:31,220 INFO  [org.jboss.as.connector.deployers.jdbc] (MSC service thread 1-5) WFLYJCA0018: Started Driver service with driver-name = h2
2017-03-17 12:00:31,345 INFO  [org.wildfly.extension.undertow] (ServerService Thread Pool -- 55) WFLYUT0014: Creating file handler for path 'C:\Users\jm.lizarazo10\Documents\sistrans\Iteracion 2\Iteracion2\wildfly-10.1.0.Final\wildfly-10.1.0.Final/welcome-content' with options [directory-listing: 'false', follow-symlink: 'false', case-sensitive: 'true', safe-symlink-paths: '[]']
2017-03-17 12:00:31,579 INFO  [org.jboss.as.ejb3] (MSC service thread 1-8) WFLYEJB0482: Strict pool mdb-strict-max-pool is using a max instance size of 16 (per class), which is derived from the number of CPUs on this host.
2017-03-17 12:00:31,579 INFO  [org.jboss.as.ejb3] (MSC service thread 1-7) WFLYEJB0481: Strict pool slsb-strict-max-pool is using a max instance size of 64 (per class), which is derived from thread worker pool sizing.
2017-03-17 12:00:31,610 INFO  [org.wildfly.extension.undertow] (MSC service thread 1-7) WFLYUT0012: Started server default-server.
2017-03-17 12:00:31,610 INFO  [org.wildfly.extension.undertow] (MSC service thread 1-7) WFLYUT0018: Host default-host starting
2017-03-17 12:00:31,688 INFO  [org.jboss.remoting] (MSC service thread 1-3) JBoss Remoting version 4.0.21.Final
2017-03-17 12:00:31,751 INFO  [org.wildfly.extension.undertow] (MSC service thread 1-7) WFLYUT0006: Undertow HTTP listener default listening on 127.0.0.1:8080
2017-03-17 12:00:32,312 WARN  [org.jboss.as.domain.management.security] (MSC service thread 1-8) WFLYDM0111: Keystore C:\Users\jm.lizarazo10\Documents\sistrans\Iteracion 2\Iteracion2\wildfly-10.1.0.Final\wildfly-10.1.0.Final\standalone\configuration\application.keystore not found, it will be auto generated on first use with a self signed certificate for host localhost
2017-03-17 12:00:32,516 INFO  [org.jboss.as.server.deployment.scanner] (MSC service thread 1-2) WFLYDS0013: Started FileSystemDeploymentService for directory C:\Users\jm.lizarazo10\Documents\sistrans\Iteracion 2\Iteracion2\wildfly-10.1.0.Final\wildfly-10.1.0.Final\standalone\deployments
2017-03-17 12:00:32,532 INFO  [org.jboss.as.server.deployment] (MSC service thread 1-2) WFLYSRV0027: Starting deployment of "VideoAndes.war" (runtime-name: "VideoAndes.war")
2017-03-17 12:00:32,594 INFO  [org.jboss.as.server.deployment] (MSC service thread 1-7) WFLYSRV0027: Starting deployment of "FestivAndes.war" (runtime-name: "FestivAndes.war")
2017-03-17 12:00:32,828 INFO  [org.jboss.as.connector.subsystems.datasources] (MSC service thread 1-3) WFLYJCA0001: Bound data source [java:jboss/datasources/ExampleDS]
2017-03-17 12:00:32,906 INFO  [org.infinispan.factories.GlobalComponentRegistry] (MSC service thread 1-6) ISPN000128: Infinispan version: Infinispan 'Chakra' 8.2.4.Final
2017-03-17 12:00:33,124 INFO  [org.infinispan.configuration.cache.EvictionConfigurationBuilder] (ServerService Thread Pool -- 58) ISPN000152: Passivation configured without an eviction policy being selected. Only manually evicted entities will be passivated.
2017-03-17 12:00:33,124 INFO  [org.infinispan.configuration.cache.EvictionConfigurationBuilder] (ServerService Thread Pool -- 63) ISPN000152: Passivation configured without an eviction policy being selected. Only manually evicted entities will be passivated.
2017-03-17 12:00:33,124 INFO  [org.infinispan.configuration.cache.EvictionConfigurationBuilder] (ServerService Thread Pool -- 61) ISPN000152: Passivation configured without an eviction policy being selected. Only manually evicted entities will be passivated.
2017-03-17 12:00:33,140 INFO  [org.infinispan.configuration.cache.EvictionConfigurationBuilder] (ServerService Thread Pool -- 61) ISPN000152: Passivation configured without an eviction policy being selected. Only manually evicted entities will be passivated.
2017-03-17 12:00:33,171 INFO  [org.infinispan.configuration.cache.EvictionConfigurationBuilder] (ServerService Thread Pool -- 63) ISPN000152: Passivation configured without an eviction policy being selected. Only manually evicted entities will be passivated.
2017-03-17 12:00:33,171 INFO  [org.infinispan.configuration.cache.EvictionConfigurationBuilder] (ServerService Thread Pool -- 58) ISPN000152: Passivation configured without an eviction policy being selected. Only manually evicted entities will be passivated.
2017-03-17 12:00:34,216 INFO  [org.wildfly.extension.undertow] (MSC service thread 1-1) WFLYUT0006: Undertow HTTPS listener https listening on 127.0.0.1:8443
2017-03-17 12:00:34,358 INFO  [org.jboss.ws.common.management] (MSC service thread 1-1) JBWS022052: Starting JBossWS 5.1.5.Final (Apache CXF 3.1.6) 
2017-03-17 12:00:34,966 INFO  [org.jboss.as.connector.deployers.jdbc] (MSC service thread 1-4) WFLYJCA0004: Deploying JDBC-compliant driver class oracle.jdbc.OracleDriver (version 11.2)
2017-03-17 12:00:34,982 INFO  [org.jboss.as.connector.deployers.jdbc] (MSC service thread 1-3) WFLYJCA0004: Deploying JDBC-compliant driver class oracle.jdbc.OracleDriver (version 11.2)
2017-03-17 12:00:34,997 INFO  [org.jboss.as.connector.deployers.jdbc] (MSC service thread 1-3) WFLYJCA0018: Started Driver service with driver-name = VideoAndes.war_oracle.jdbc.OracleDriver_11_2
2017-03-17 12:00:35,029 INFO  [org.jboss.as.connector.deployers.jdbc] (MSC service thread 1-5) WFLYJCA0018: Started Driver service with driver-name = FestivAndes.war_oracle.jdbc.OracleDriver_11_2
2017-03-17 12:00:35,309 INFO  [org.wildfly.extension.undertow] (ServerService Thread Pool -- 58) WFLYUT0021: Registered web context: /VideoAndes
2017-03-17 12:00:35,309 INFO  [org.wildfly.extension.undertow] (ServerService Thread Pool -- 61) WFLYUT0021: Registered web context: /FestivAndes
2017-03-17 12:00:35,357 INFO  [org.jboss.as.server] (ServerService Thread Pool -- 34) WFLYSRV0010: Deployed "VideoAndes.war" (runtime-name : "VideoAndes.war")
2017-03-17 12:00:35,357 INFO  [org.jboss.as.server] (ServerService Thread Pool -- 34) WFLYSRV0010: Deployed "FestivAndes.war" (runtime-name : "FestivAndes.war")
2017-03-17 12:00:35,498 INFO  [org.jboss.as] (Controller Boot Thread) WFLYSRV0060: Http management interface listening on http://127.0.0.1:9990/management
2017-03-17 12:00:35,498 INFO  [org.jboss.as] (Controller Boot Thread) WFLYSRV0051: Admin console listening on http://127.0.0.1:9990
2017-03-17 12:00:35,498 INFO  [org.jboss.as] (Controller Boot Thread) WFLYSRV0025: WildFly Full 10.1.0.Final (WildFly Core 2.2.0.Final) started in 9431ms - Started 471 of 727 services (415 services are lazy, passive or on-demand)
2017-03-17 12:12:57,184 INFO  [org.jboss.modules] (main) JBoss Modules version 1.5.2.Final
2017-03-17 12:12:58,002 INFO  [org.jboss.msc] (main) JBoss MSC version 1.2.6.Final
2017-03-17 12:12:58,249 INFO  [org.jboss.as] (MSC service thread 1-7) WFLYSRV0049: WildFly Full 10.1.0.Final (WildFly Core 2.2.0.Final) starting
2017-03-17 12:12:58,253 DEBUG [org.jboss.as.config] (MSC service thread 1-7) Configured system properties:
	awt.toolkit = sun.awt.windows.WToolkit
	file.encoding = Cp1252
	file.encoding.pkg = sun.io
	file.separator = \
	java.awt.graphicsenv = sun.awt.Win32GraphicsEnvironment
	java.awt.headless = true
	java.awt.printerjob = sun.awt.windows.WPrinterJob
	java.class.path = C:\Users\jm.lizarazo10\Documents\sistrans\Iteracion 2\Iteracion2\wildfly-10.1.0.Final\wildfly-10.1.0.Final\jboss-modules.jar
	java.class.version = 52.0
	java.endorsed.dirs = C:\Program Files\Java\jre1.8.0_121\lib\endorsed
	java.ext.dirs = C:\Program Files\Java\jre1.8.0_121\lib\ext;C:\Windows\Sun\Java\lib\ext
	java.home = C:\Program Files\Java\jre1.8.0_121
	java.io.tmpdir = C:\Users\JM0733~1.LIZ\AppData\Local\Temp\
	java.library.path = C:\Program Files\Java\jre1.8.0_121\bin;C:\Windows\Sun\Java\bin;C:\Windows\system32;C:\Windows;native;C:\PlayFramework\bin;C:\PlayFramework\bin;.
	java.net.preferIPv4Stack = true
	java.runtime.name = Java(TM) SE Runtime Environment
	java.runtime.version = 1.8.0_121-b13
	java.specification.name = Java Platform API Specification
	java.specification.vendor = Oracle Corporation
	java.specification.version = 1.8
	java.util.logging.manager = org.jboss.logmanager.LogManager
	java.vendor = Oracle Corporation
	java.vendor.url = http://java.oracle.com/
	java.vendor.url.bug = http://bugreport.sun.com/bugreport/
	java.version = 1.8.0_121
	java.vm.info = mixed mode
	java.vm.name = Java HotSpot(TM) 64-Bit Server VM
	java.vm.specification.name = Java Virtual Machine Specification
	java.vm.specification.vendor = Oracle Corporation
	java.vm.specification.version = 1.8
	java.vm.vendor = Oracle Corporation
	java.vm.version = 25.121-b13
	javax.management.builder.initial = org.jboss.as.jmx.PluggableMBeanServerBuilder
	javax.xml.datatype.DatatypeFactory = __redirected.__DatatypeFactory
	javax.xml.parsers.DocumentBuilderFactory = __redirected.__DocumentBuilderFactory
	javax.xml.parsers.SAXParserFactory = __redirected.__SAXParserFactory
	javax.xml.stream.XMLEventFactory = __redirected.__XMLEventFactory
	javax.xml.stream.XMLInputFactory = __redirected.__XMLInputFactory
	javax.xml.stream.XMLOutputFactory = __redirected.__XMLOutputFactory
	javax.xml.transform.TransformerFactory = __redirected.__TransformerFactory
	javax.xml.validation.SchemaFactory:http://www.w3.org/2001/XMLSchema = __redirected.__SchemaFactory
	javax.xml.xpath.XPathFactory:http://java.sun.com/jaxp/xpath/dom = __redirected.__XPathFactory
	jboss.bind.address = localhost
	jboss.bind.address.management = localhost
	jboss.home.dir = C:\Users\jm.lizarazo10\Documents\sistrans\Iteracion 2\Iteracion2\wildfly-10.1.0.Final\wildfly-10.1.0.Final
	jboss.host.name = isis2503-0138
	jboss.modules.dir = C:\Users\jm.lizarazo10\Documents\sistrans\Iteracion 2\Iteracion2\wildfly-10.1.0.Final\wildfly-10.1.0.Final\modules
	jboss.modules.system.pkgs = org.jboss.byteman
	jboss.node.name = isis2503-0138
	jboss.qualified.host.name = isis2503-0138
	jboss.server.base.dir = C:\Users\jm.lizarazo10\Documents\sistrans\Iteracion 2\Iteracion2\wildfly-10.1.0.Final\wildfly-10.1.0.Final\standalone
	jboss.server.config.dir = C:\Users\jm.lizarazo10\Documents\sistrans\Iteracion 2\Iteracion2\wildfly-10.1.0.Final\wildfly-10.1.0.Final\standalone\configuration
	jboss.server.data.dir = C:\Users\jm.lizarazo10\Documents\sistrans\Iteracion 2\Iteracion2\wildfly-10.1.0.Final\wildfly-10.1.0.Final\standalone\data
	jboss.server.deploy.dir = C:\Users\jm.lizarazo10\Documents\sistrans\Iteracion 2\Iteracion2\wildfly-10.1.0.Final\wildfly-10.1.0.Final\standalone\data\content
	jboss.server.log.dir = C:\Users\jm.lizarazo10\Documents\sistrans\Iteracion 2\Iteracion2\wildfly-10.1.0.Final\wildfly-10.1.0.Final\standalone\log
	jboss.server.name = isis2503-0138
	jboss.server.persist.config = true
	jboss.server.temp.dir = C:\Users\jm.lizarazo10\Documents\sistrans\Iteracion 2\Iteracion2\wildfly-10.1.0.Final\wildfly-10.1.0.Final\standalone\tmp
	line.separator = 

	logging.configuration = file:/C:/Users/jm.lizarazo10/Documents/sistrans/Iteracion%202/Iteracion2/wildfly-10.1.0.Final/wildfly-10.1.0.Final/standalone/configuration/logging.properties
	module.path = C:/Users/jm.lizarazo10/Documents/sistrans/Iteracion 2/Iteracion2/wildfly-10.1.0.Final/wildfly-10.1.0.Final/modules
	org.jboss.boot.log.file = C:/Users/jm.lizarazo10/Documents/sistrans/Iteracion 2/Iteracion2/wildfly-10.1.0.Final/wildfly-10.1.0.Final/standalone/log/boot.log
	org.jboss.logmanager.nocolor = true
	org.jboss.resolver.warning = true
	org.xml.sax.driver = __redirected.__XMLReaderFactory
	os.arch = amd64
	os.name = Windows 7
	os.version = 6.1
	path.separator = ;
	program.name = JBossTools: WildFly 10.x
	sun.arch.data.model = 64
	sun.boot.class.path = C:\Program Files\Java\jre1.8.0_121\lib\resources.jar;C:\Program Files\Java\jre1.8.0_121\lib\rt.jar;C:\Program Files\Java\jre1.8.0_121\lib\sunrsasign.jar;C:\Program Files\Java\jre1.8.0_121\lib\jsse.jar;C:\Program Files\Java\jre1.8.0_121\lib\jce.jar;C:\Program Files\Java\jre1.8.0_121\lib\charsets.jar;C:\Program Files\Java\jre1.8.0_121\lib\jfr.jar;C:\Program Files\Java\jre1.8.0_121\classes
	sun.boot.library.path = C:\Program Files\Java\jre1.8.0_121\bin
	sun.cpu.endian = little
	sun.cpu.isalist = amd64
	sun.desktop = windows
	sun.io.unicode.encoding = UnicodeLittle
	sun.java.command = org.jboss.modules.Main -mp C:/Users/jm.lizarazo10/Documents/sistrans/Iteracion 2/Iteracion2/wildfly-10.1.0.Final/wildfly-10.1.0.Final/modules org.jboss.as.standalone -b localhost --server-config=standalone.xml -Djboss.server.base.dir=C:\Users\jm.lizarazo10\Documents\sistrans\Iteracion 2\Iteracion2\wildfly-10.1.0.Final\wildfly-10.1.0.Final\standalone
	sun.java.launcher = SUN_STANDARD
	sun.jnu.encoding = Cp1252
	sun.management.compiler = HotSpot 64-Bit Tiered Compilers
	sun.os.patch.level = Service Pack 1
	sun.rmi.dgc.client.gcInterval = 3600000
	sun.rmi.dgc.server.gcInterval = 3600000
	user.country = ES
	user.dir = C:\Users\jm.lizarazo10\Documents\sistrans\Iteracion 2\Iteracion2\wildfly-10.1.0.Final\wildfly-10.1.0.Final\bin
	user.home = C:\Users\jm.lizarazo10
	user.language = es
	user.name = jm.lizarazo10
	user.script = 
	user.timezone = America/Bogota
	user.variant = 
2017-03-17 12:12:58,255 DEBUG [org.jboss.as.config] (MSC service thread 1-7) VM Arguments: -Dprogram.name=JBossTools: WildFly 10.x -Xms64m -Xmx512m -Dorg.jboss.resolver.warning=true -Djava.net.preferIPv4Stack=true -Dsun.rmi.dgc.client.gcInterval=3600000 -Dsun.rmi.dgc.server.gcInterval=3600000 -Djboss.modules.system.pkgs=org.jboss.byteman -Djava.awt.headless=true -Dorg.jboss.boot.log.file=C:/Users/jm.lizarazo10/Documents/sistrans/Iteracion 2/Iteracion2/wildfly-10.1.0.Final/wildfly-10.1.0.Final/standalone/log/boot.log -Dlogging.configuration=file:/C:/Users/jm.lizarazo10/Documents/sistrans/Iteracion%202/Iteracion2/wildfly-10.1.0.Final/wildfly-10.1.0.Final/standalone/configuration/logging.properties -Djboss.home.dir=C:/Users/jm.lizarazo10/Documents/sistrans/Iteracion 2/Iteracion2/wildfly-10.1.0.Final/wildfly-10.1.0.Final -Dorg.jboss.logmanager.nocolor=true -Djboss.bind.address.management=localhost -Dfile.encoding=Cp1252 
2017-03-17 12:13:01,216 INFO  [org.jboss.as.server.deployment.scanner] (DeploymentScanner-threads - 1) WFLYDS0004: Found FestivAndes.war in deployment directory. To trigger deployment create a file called FestivAndes.war.dodeploy
2017-03-17 12:13:01,217 INFO  [org.jboss.as.server.deployment.scanner] (DeploymentScanner-threads - 1) WFLYDS0004: Found VideoAndes.war in deployment directory. To trigger deployment create a file called VideoAndes.war.dodeploy
2017-03-17 12:13:01,250 INFO  [org.jboss.as.server] (Controller Boot Thread) WFLYSRV0039: Creating http management service using socket-binding (management-http)
2017-03-17 12:13:01,270 INFO  [org.xnio] (MSC service thread 1-4) XNIO version 3.4.0.Final
2017-03-17 12:13:01,282 INFO  [org.xnio.nio] (MSC service thread 1-4) XNIO NIO Implementation Version 3.4.0.Final
2017-03-17 12:13:01,363 INFO  [org.jboss.as.jsf] (ServerService Thread Pool -- 44) WFLYJSF0007: Activated the following JSF Implementations: [main]
2017-03-17 12:13:01,374 INFO  [org.jboss.as.clustering.infinispan] (ServerService Thread Pool -- 38) WFLYCLINF0001: Activating Infinispan subsystem.
2017-03-17 12:13:01,383 INFO  [org.jboss.as.security] (ServerService Thread Pool -- 53) WFLYSEC0002: Activating Security Subsystem
2017-03-17 12:13:01,384 INFO  [org.jboss.as.webservices] (ServerService Thread Pool -- 56) WFLYWS0002: Activating WebServices Extension
2017-03-17 12:13:01,388 WARN  [org.jboss.as.txn] (ServerService Thread Pool -- 54) WFLYTX0013: Node identifier property is set to the default value. Please make sure it is unique.
2017-03-17 12:13:01,417 INFO  [org.wildfly.extension.io] (ServerService Thread Pool -- 37) WFLYIO001: Worker 'default' has auto-configured to 8 core threads with 64 task threads based on your 4 available processors
2017-03-17 12:13:01,455 INFO  [org.jboss.as.security] (MSC service thread 1-1) WFLYSEC0001: Current PicketBox version=4.9.6.Final
2017-03-17 12:13:01,452 INFO  [org.wildfly.extension.undertow] (MSC service thread 1-2) WFLYUT0003: Undertow 1.4.0.Final starting
2017-03-17 12:13:01,424 INFO  [org.jboss.as.naming] (ServerService Thread Pool -- 46) WFLYNAM0001: Activating Naming Subsystem
2017-03-17 12:13:01,483 INFO  [org.jboss.as.connector.subsystems.datasources] (ServerService Thread Pool -- 33) WFLYJCA0004: Deploying JDBC-compliant driver class org.h2.Driver (version 1.3)
2017-03-17 12:13:01,494 INFO  [org.jboss.as.connector] (MSC service thread 1-5) WFLYJCA0009: Starting JCA Subsystem (WildFly/IronJacamar 1.3.4.Final)
2017-03-17 12:13:01,649 INFO  [org.jboss.as.connector.deployers.jdbc] (MSC service thread 1-5) WFLYJCA0018: Started Driver service with driver-name = h2
2017-03-17 12:13:01,679 INFO  [org.jboss.as.mail.extension] (MSC service thread 1-7) WFLYMAIL0001: Bound mail session [java:jboss/mail/Default]
2017-03-17 12:13:01,691 INFO  [org.jboss.as.naming] (MSC service thread 1-8) WFLYNAM0003: Starting Naming Service
2017-03-17 12:13:02,091 INFO  [org.jboss.as.ejb3] (MSC service thread 1-5) WFLYEJB0481: Strict pool slsb-strict-max-pool is using a max instance size of 64 (per class), which is derived from thread worker pool sizing.
2017-03-17 12:13:02,091 INFO  [org.jboss.as.ejb3] (MSC service thread 1-5) WFLYEJB0482: Strict pool mdb-strict-max-pool is using a max instance size of 16 (per class), which is derived from the number of CPUs on this host.
2017-03-17 12:13:02,175 INFO  [org.jboss.remoting] (MSC service thread 1-4) JBoss Remoting version 4.0.21.Final
2017-03-17 12:13:02,219 INFO  [org.wildfly.extension.undertow] (ServerService Thread Pool -- 55) WFLYUT0014: Creating file handler for path 'C:\Users\jm.lizarazo10\Documents\sistrans\Iteracion 2\Iteracion2\wildfly-10.1.0.Final\wildfly-10.1.0.Final/welcome-content' with options [directory-listing: 'false', follow-symlink: 'false', case-sensitive: 'true', safe-symlink-paths: '[]']
2017-03-17 12:13:02,267 INFO  [org.wildfly.extension.undertow] (MSC service thread 1-3) WFLYUT0012: Started server default-server.
2017-03-17 12:13:02,297 INFO  [org.wildfly.extension.undertow] (MSC service thread 1-3) WFLYUT0018: Host default-host starting
2017-03-17 12:13:02,503 INFO  [org.wildfly.extension.undertow] (MSC service thread 1-8) WFLYUT0006: Undertow HTTP listener default listening on 127.0.0.1:8080
2017-03-17 12:13:02,610 INFO  [org.jboss.as.connector.subsystems.datasources] (MSC service thread 1-8) WFLYJCA0001: Bound data source [java:jboss/datasources/ExampleDS]
2017-03-17 12:13:02,744 WARN  [org.jboss.as.domain.management.security] (MSC service thread 1-1) WFLYDM0111: Keystore C:\Users\jm.lizarazo10\Documents\sistrans\Iteracion 2\Iteracion2\wildfly-10.1.0.Final\wildfly-10.1.0.Final\standalone\configuration\application.keystore not found, it will be auto generated on first use with a self signed certificate for host localhost
2017-03-17 12:13:02,784 INFO  [org.jboss.as.server.deployment] (MSC service thread 1-7) WFLYSRV0027: Starting deployment of "FestivAndes.war" (runtime-name: "FestivAndes.war")
2017-03-17 12:13:02,786 INFO  [org.jboss.as.server.deployment] (MSC service thread 1-6) WFLYSRV0027: Starting deployment of "VideoAndes.war" (runtime-name: "VideoAndes.war")
2017-03-17 12:13:02,847 INFO  [org.jboss.as.server.deployment.scanner] (MSC service thread 1-7) WFLYDS0013: Started FileSystemDeploymentService for directory C:\Users\jm.lizarazo10\Documents\sistrans\Iteracion 2\Iteracion2\wildfly-10.1.0.Final\wildfly-10.1.0.Final\standalone\deployments
2017-03-17 12:13:03,357 INFO  [org.wildfly.extension.undertow] (MSC service thread 1-1) WFLYUT0006: Undertow HTTPS listener https listening on 127.0.0.1:8443
2017-03-17 12:13:03,245 INFO  [org.infinispan.factories.GlobalComponentRegistry] (MSC service thread 1-5) ISPN000128: Infinispan version: Infinispan 'Chakra' 8.2.4.Final
2017-03-17 12:13:03,916 INFO  [org.infinispan.configuration.cache.EvictionConfigurationBuilder] (ServerService Thread Pool -- 59) ISPN000152: Passivation configured without an eviction policy being selected. Only manually evicted entities will be passivated.
2017-03-17 12:13:03,968 INFO  [org.infinispan.configuration.cache.EvictionConfigurationBuilder] (ServerService Thread Pool -- 59) ISPN000152: Passivation configured without an eviction policy being selected. Only manually evicted entities will be passivated.
2017-03-17 12:13:03,919 INFO  [org.infinispan.configuration.cache.EvictionConfigurationBuilder] (ServerService Thread Pool -- 58) ISPN000152: Passivation configured without an eviction policy being selected. Only manually evicted entities will be passivated.
2017-03-17 12:13:03,969 INFO  [org.infinispan.configuration.cache.EvictionConfigurationBuilder] (ServerService Thread Pool -- 58) ISPN000152: Passivation configured without an eviction policy being selected. Only manually evicted entities will be passivated.
2017-03-17 12:13:03,981 INFO  [org.infinispan.configuration.cache.EvictionConfigurationBuilder] (ServerService Thread Pool -- 60) ISPN000152: Passivation configured without an eviction policy being selected. Only manually evicted entities will be passivated.
2017-03-17 12:13:03,982 INFO  [org.infinispan.configuration.cache.EvictionConfigurationBuilder] (ServerService Thread Pool -- 60) ISPN000152: Passivation configured without an eviction policy being selected. Only manually evicted entities will be passivated.
2017-03-17 12:13:04,183 INFO  [org.jboss.ws.common.management] (MSC service thread 1-1) JBWS022052: Starting JBossWS 5.1.5.Final (Apache CXF 3.1.6) 
2017-03-17 12:13:04,915 INFO  [org.jboss.as.connector.deployers.jdbc] (MSC service thread 1-6) WFLYJCA0004: Deploying JDBC-compliant driver class oracle.jdbc.OracleDriver (version 11.2)
2017-03-17 12:13:04,919 INFO  [org.jboss.as.connector.deployers.jdbc] (MSC service thread 1-4) WFLYJCA0004: Deploying JDBC-compliant driver class oracle.jdbc.OracleDriver (version 11.2)
2017-03-17 12:13:04,948 INFO  [org.jboss.as.connector.deployers.jdbc] (MSC service thread 1-4) WFLYJCA0018: Started Driver service with driver-name = FestivAndes.war_oracle.jdbc.OracleDriver_11_2
2017-03-17 12:13:04,951 INFO  [org.jboss.as.connector.deployers.jdbc] (MSC service thread 1-3) WFLYJCA0018: Started Driver service with driver-name = VideoAndes.war_oracle.jdbc.OracleDriver_11_2
2017-03-17 12:13:05,184 INFO  [org.wildfly.extension.undertow] (ServerService Thread Pool -- 58) WFLYUT0021: Registered web context: /FestivAndes
2017-03-17 12:13:05,184 INFO  [org.wildfly.extension.undertow] (ServerService Thread Pool -- 60) WFLYUT0021: Registered web context: /VideoAndes
2017-03-17 12:13:05,219 INFO  [org.jboss.as.server] (ServerService Thread Pool -- 34) WFLYSRV0010: Deployed "VideoAndes.war" (runtime-name : "VideoAndes.war")
2017-03-17 12:13:05,220 INFO  [org.jboss.as.server] (ServerService Thread Pool -- 34) WFLYSRV0010: Deployed "FestivAndes.war" (runtime-name : "FestivAndes.war")
2017-03-17 12:13:05,355 INFO  [org.jboss.as] (Controller Boot Thread) WFLYSRV0060: Http management interface listening on http://127.0.0.1:9990/management
2017-03-17 12:13:05,355 INFO  [org.jboss.as] (Controller Boot Thread) WFLYSRV0051: Admin console listening on http://127.0.0.1:9990
2017-03-17 12:13:05,355 INFO  [org.jboss.as] (Controller Boot Thread) WFLYSRV0025: WildFly Full 10.1.0.Final (WildFly Core 2.2.0.Final) started in 9210ms - Started 471 of 727 services (415 services are lazy, passive or on-demand)
